Reading target URLs from the target URLs file 'D:\work\odesk\GeneralLee\targeturls.txt'....
Reading proxy URLs from the proxy URLs file 'D:\work\odesk\GeneralLee\proxy_example.txt'....
Reading referer URLs from the referer URLs file 'D:\work\odesk\GeneralLee\referers.txt'....
Calling 'generateHits' on 'http://192.168.154.171/storecrawler/product'...
Creating user-agent #0....
Selected proxy: 24.179.58.253:38914
Creating user-agent #1....
Selected proxy: 37.187.67.130:80
Creating user-agent #2....
Selected proxy: 190.181.30.69:8080
Creating user-agent #3....
Selected proxy: 120.84.235.71:8080
Using referer URL https://www.google.co.in/search?q=safeway&biw=1280&bih=698&source=univ&tbm=nws&tbo=u&sa=X&ei=OZiqUtqHG423kAeBvoHgAw&ved=0CE4QqAI
....
Extracted 0 links from the page.
Number of virtual browsers: 4
Calling 'navigateLinks' on a new thread ....

Calling 'navigateLinks' on a new thread ....

Calling 'navigateLinks' on a new thread ....

Calling 'navigateLinks' on a new thread ....

Links Count on Target Site 'http://192.168.154.171/storecrawler/product': 1
Successful Hits on Target Site 'http://192.168.154.171/storecrawler/product': 0
Total Links Found till Now: 6
Calling 'generateHits' on 'http://www.costco.com/'...
Creating user-agent #0....
Selected proxy: 218.108.232.190:80
Creating user-agent #1....
Selected proxy: 186.46.185.186:80
Creating user-agent #2....
Selected proxy: 190.38.9.168:8080
Creating user-agent #3....
Selected proxy: 212.144.254.122:3128
Using referer URL https://www.google.co.in/url?sa=t&rct=j&q=&esrc=s&source=web&cd=1&cad=rja&ved=0CCwQFjAA&url=http%3A%2F%2Fwww.costco.com%2F&ei=95eqUodz0PqRB4frgJgO&usg=AFQjCNG4ch1CHRDZi4J9SWSPw12qhLBbeg&sig2=aM7set756626fiymbJxUNg&bvm=bv.57967247,d.eW0
....
Extracted 134 links from the page.
Number of virtual browsers: 4
Calling 'navigateLinks' on a new thread ....

Calling 'navigateLinks' on a new thread ....

Calling 'navigateLinks' on a new thread ....

Calling 'navigateLinks' on a new thread ....

Links Count on Target Site 'http://www.costco.com/': 537
Successful Hits on Target Site 'http://www.costco.com/': 47
Total Links Found till Now: 1888
Calling 'generateHits' on 'http://www.safeway.com/'...
Creating user-agent #0....
Selected proxy: 119.82.247.66:8080
Creating user-agent #1....
Selected proxy: 200.37.53.116:8080
Creating user-agent #2....
Selected proxy: 190.204.18.86:8080
Creating user-agent #3....
Selected proxy: 193.25.120.235:8080
Using referer URL https://www.google.co.in/url?sa=t&rct=j&q=&esrc=s&source=web&cd=1&cad=rja&ved=0CCwQFjAA&url=http%3A%2F%2Fwww.costco.com%2F&ei=95eqUodz0PqRB4frgJgO&usg=AFQjCNG4ch1CHRDZi4J9SWSPw12qhLBbeg&sig2=aM7set756626fiymbJxUNg&bvm=bv.57967247,d.eW0
....
Extracted 98 links from the page.
Number of virtual browsers: 4
Calling 'navigateLinks' on a new thread ....

Calling 'navigateLinks' on a new thread ....

Calling 'navigateLinks' on a new thread ....

Calling 'navigateLinks' on a new thread ....

Links Count on Target Site 'http://www.safeway.com/': 393
Successful Hits on Target Site 'http://www.safeway.com/': 88
Total Links Found till Now: 3266
Calling 'generateHits' on 'http://www.walmart.com/'...
Creating user-agent #0....
Selected proxy: 190.82.89.156:3128
Creating user-agent #1....
Selected proxy: 41.216.171.154:8080
Creating user-agent #2....
Selected proxy: 87.252.227.135:3128
Creating user-agent #3....
Selected proxy: 218.22.188.154:18186
Using referer URL https://www.google.co.in/search?q=safeway&biw=1280&bih=698&source=univ&tbm=nws&tbo=u&sa=X&ei=OZiqUtqHG423kAeBvoHgAw&ved=0CE4QqAI
....
Extracted 669 links from the page.
Number of virtual browsers: 4
Calling 'navigateLinks' on a new thread ....

Calling 'navigateLinks' on a new thread ....

Calling 'navigateLinks' on a new thread ....

Calling 'navigateLinks' on a new thread ....

